Arguments: 
  /usr/local/bin/node /usr/local/lib/python3.7/dist-packages/jupyterlab/staging/yarn.js add @material-ui/icons/DeleteForever

PATH: 
  /usr/local/sbin:/usr/local/bin:/usr/sbin:/usr/bin:/sbin:/bin:/usr/local/games:/usr/games

Yarn version: 
  1.21.1

Node version: 
  14.16.0

Platform: 
  linux arm

Trace: 
  Error: https://registry.yarnpkg.com/@material-ui%2ficons/DeleteForever: Request "https://registry.yarnpkg.com/@material-ui%2ficons/DeleteForever" returned a 405
      at Request.params.callback [as _callback] (/usr/local/lib/python3.7/dist-packages/jupyterlab/staging/yarn.js:78486:18)
      at Request.self.callback (/usr/local/lib/python3.7/dist-packages/jupyterlab/staging/yarn.js:135083:22)
      at Request.emit (events.js:315:20)
      at Request.<anonymous> (/usr/local/lib/python3.7/dist-packages/jupyterlab/staging/yarn.js:136055:10)
      at Request.emit (events.js:315:20)
      at IncomingMessage.<anonymous> (/usr/local/lib/python3.7/dist-packages/jupyterlab/staging/yarn.js:135977:12)
      at Object.onceWrapper (events.js:421:28)
      at IncomingMessage.emit (events.js:327:22)
      at endReadableNT (internal/streams/readable.js:1327:12)
      at processTicksAndRejections (internal/process/task_queues.js:80:21)

npm manifest: 
  {
    "name": "@webds/erase_and_program",
    "version": "0.1.0",
    "description": "Erase and Program",
    "keywords": [
      "jupyter",
      "jupyterlab",
      "jupyterlab-extension"
    ],
    "homepage": "https://github.com/qmao/erase_and_program",
    "bugs": {
      "url": "https://github.com/qmao/erase_and_program/issues"
    },
    "license": "BSD-3-Clause",
    "author": {
      "name": "",
      "email": ""
    },
    "files": [
      "lib/**/*.{d.ts,eot,gif,html,jpg,js,js.map,json,png,svg,woff2,ttf}",
      "style/**/*.{css,js,eot,gif,html,jpg,json,png,svg,woff2,ttf}",
      "schema/*.json"
    ],
    "main": "lib/index.js",
    "types": "lib/index.d.ts",
    "style": "style/index.css",
    "repository": {
      "type": "git",
      "url": "https://github.com/qmao/erase_and_program.git"
    },
    "scripts": {
      "build": "jlpm run build:lib && jlpm run build:labextension:dev",
      "build:prod": "jlpm run clean && jlpm run build:lib && jlpm run build:labextension",
      "build:labextension": "jupyter labextension build .",
      "build:labextension:dev": "jupyter labextension build --development True .",
      "build:lib": "tsc",
      "clean": "jlpm run clean:lib",
      "clean:lib": "rimraf lib tsconfig.tsbuildinfo",
      "clean:labextension": "rimraf erase_and_program/labextension",
      "clean:all": "jlpm run clean:lib && jlpm run clean:labextension",
      "eslint": "eslint . --ext .ts,.tsx --fix",
      "eslint:check": "eslint . --ext .ts,.tsx",
      "install:extension": "jlpm run build",
      "watch": "run-p watch:src watch:labextension",
      "watch:src": "tsc -w",
      "watch:labextension": "jupyter labextension watch ."
    },
    "dependencies": {
      "@jupyterlab/application": "^3.1.0",
      "@jupyterlab/coreutils": "^5.1.0",
      "@jupyterlab/filebrowser": "^3.1.6",
      "@jupyterlab/launcher": "^3.1.8",
      "@jupyterlab/services": "^6.1.0",
      "@lumino/datagrid": "^0.29.0",
      "@material-ui/core": "^4.12.3",
      "@material-ui/lab": "^4.0.0-alpha.60"
    },
    "devDependencies": {
      "@jupyterlab/builder": "^3.1.0",
      "@types/node": "^16.6.2",
      "@typescript-eslint/eslint-plugin": "^4.8.1",
      "@typescript-eslint/parser": "^4.8.1",
      "eslint": "^7.14.0",
      "eslint-config-prettier": "^6.15.0",
      "eslint-plugin-prettier": "^3.1.4",
      "mkdirp": "^1.0.3",
      "npm-run-all": "^4.1.5",
      "prettier": "^2.1.1",
      "rimraf": "^3.0.2",
      "typescript": "~4.1.3"
    },
    "sideEffects": [
      "style/*.css",
      "style/index.js"
    ],
    "styleModule": "style/index.js",
    "jupyterlab": {
      "discovery": {
        "server": {
          "managers": [
            "pip"
          ],
          "base": {
            "name": "erase_and_program"
          }
        }
      },
      "extension": true,
      "outputDir": "erase_and_program/labextension",
      "schemaDir": "schema"
    },
    "jupyter-releaser": {
      "hooks": {
        "before-build-npm": [
          "python -m pip install jupyterlab~=3.1",
          "jlpm"
        ]
      }
    }
  }

yarn manifest: 
  No manifest

Lockfile: 
  No lockfile
